[03:03:00.626][INFO]: Successfully injected RecipeFS file system
[03:03:00.688][INFO]: Successfully identified and loaded plugin crafttweaker:builtin
[03:03:00.690][INFO]: Successfully identified and loaded plugin crafttweaker:builtin_forge
[03:03:00.697][INFO]: Successfully identified and loaded plugin farmersdelight:crafttweaker_plugin
[03:03:01.450][INFO]: The following mods have explicit CraftTweaker support through the default plugin:
[03:03:01.451][INFO]: - 'aether' at version '1.19.2-1.4.2-forge'
[03:03:01.452][INFO]: - 'aquaculture' at version '1.19.2-2.4.17'
[03:03:01.452][INFO]: - 'crafttweaker' at version '10.1.55'
[03:03:01.452][INFO]: - 'farmersdelight' at version '1.19.2-1.2.4'
[03:03:19.520][INFO]: Started loading scripts for loader 'initialize'
[03:03:20.275][INFO]: Compiling and executing scripts
[03:03:20.338][INFO]: Successfully initialized modules [crafttweaker, expansions]
[03:03:20.527][INFO]: Execution for loader 'initialize' completed successfully
[03:03:37.577][INFO]: Started loading scripts for loader 'tags'
[03:03:37.677][INFO]: Compiling and executing scripts
[03:03:37.731][INFO]: Successfully initialized modules [crafttweaker, expansions]
[03:03:37.757][INFO]: Execution for loader 'tags' completed successfully
[03:03:44.882][INFO]: Started loading scripts for loader 'crafttweaker'
[03:03:44.967][INFO]: Compiling and executing scripts
[03:03:45.674][INFO]: Successfully initialized modules [mods, crafttweaker, expansions]
[03:03:45.684][INFO]: Loading file 'Cisco.zs' with priority 0
[03:03:45.728][INFO]: Hello world!
[03:03:45.733][INFO]: Adding 'minecraft:smithing' recipe, with name: 'crafttweaker:dreadsteel_chestplate' that outputs: '<item:dreadsteel:dreadsteel_chestplate>'
[03:03:45.734][INFO]: Adding 'minecraft:smithing' recipe, with name: 'crafttweaker:dreadsteel_helmet' that outputs: '<item:dreadsteel:dreadsteel_helmet>'
[03:03:45.735][INFO]: Adding 'minecraft:smithing' recipe, with name: 'crafttweaker:dreadsteel_boots' that outputs: '<item:dreadsteel:dreadsteel_boots>'
[03:03:45.736][INFO]: Adding 'minecraft:smithing' recipe, with name: 'crafttweaker:dreadsteel_leggings' that outputs: '<item:dreadsteel:dreadsteel_leggings>'
[03:03:45.737][INFO]: Adding 'minecraft:crafting' recipe, of type: "shapeless", with name: 'crafttweaker:dreadsteel_ingot_recipe' that outputs: '<item:dreadsteel:dreadsteel_ingot>'
[03:03:45.737][INFO]: Adding 'minecraft:crafting' recipe, of type: "shapeless", with name: 'crafttweaker:dreadsteel_scythe_recipe' that outputs: '<item:dreadsteel:dreadsteel_scythe>'
[03:03:45.737][INFO]: Adding 'minecraft:crafting' recipe, of type: "shapeless", with name: 'crafttweaker:dreadsteel_shield_recipe' that outputs: '<item:dreadsteel:dreadsteel_shield>'
[03:03:45.738][INFO]: Removing "minecraft:crafting" recipes with modid: "dreadsteel"
[03:03:45.741][INFO]: Adding 'minecraft:crafting' recipe, of type: "shapeless", with name: 'crafttweaker:amnesia_scroll' that outputs: '<item:skilltree:amnesia_scroll>'
[03:03:45.742][INFO]: Adding 'minecraft:crafting' recipe, of type: "shapeless", with name: 'crafttweaker:true_dragons_breath' that outputs: '<item:cisco_mod:true_dragons_breath>'
[03:03:45.746][INFO]: Adding 'minecraft:crafting' recipe, of type: "shapeless", with name: 'crafttweaker:rogue_eye' that outputs: '<item:endrem:rogue_eye>.withTag({Damage: 0})'
[03:03:45.746][INFO]: Adding 'minecraft:crafting' recipe, of type: "shapeless", with name: 'crafttweaker:undead_soul' that outputs: '<item:endrem:undead_soul>'
[03:03:45.747][INFO]: Adding 'minecraft:crafting' recipe, of type: "shapeless", with name: 'crafttweaker:demonium_ingot_recipe' that outputs: '<item:cisco_mod:demonium_ingot>'
[03:03:45.747][INFO]: Adding 'minecraft:crafting' recipe, of type: "shapeless", with name: 'crafttweaker:frigidium_ingot_recipe' that outputs: '<item:cisco_mod:frigidiumingot>'
[03:03:45.747][INFO]: Execution for loader 'crafttweaker' completed successfully
[03:03:45.751][INFO]: This reload was made possible by Ncc1702 and more! Become a patron at https://patreon.com/jaredlll08?s=crtmod
